<?xml version="1.0" encoding="UTF-8"?>
<testng-results skipped="0" failed="0" ignored="0" total="3" passed="3">
  <reporter-output>
  </reporter-output>
  <suite name="Default suite" duration-ms="30909" started-at="2023-03-03T12:41:24 IST" finished-at="2023-03-03T12:41:55 IST">
    <groups>
    </groups>
    <test name="Default test" duration-ms="30909" started-at="2023-03-03T12:41:24 IST" finished-at="2023-03-03T12:41:55 IST">
      <class name="launching.kalkifashionTest">
        <test-method status="PASS" signature="browser()[pri:0, instance:launching.kalkifashionTest@e320068]" name="browser" duration-ms="9410" started-at="2023-03-03T12:41:24 IST" finished-at="2023-03-03T12:41:33 IST">
          <reporter-output>
          </reporter-output>
        </test-method> <!-- browser -->
      </class> <!-- launching.kalkifashionTest -->
      <class name="launching02.skype">
        <test-method status="PASS" signature="nav()[pri:0, instance:launching02.skype@76f2b07d]" name="nav" duration-ms="10254" started-at="2023-03-03T12:41:45 IST" finished-at="2023-03-03T12:41:55 IST">
          <reporter-output>
          </reporter-output>
        </test-method> <!-- nav -->
      </class> <!-- launching02.skype -->
      <class name="launching01.woodenstreetTest">
        <test-method status="PASS" signature="navigable()[pri:0, instance:launching01.woodenstreetTest@1f57539]" name="navigable" duration-ms="11207" started-at="2023-03-03T12:41:33 IST" finished-at="2023-03-03T12:41:45 IST">
          <reporter-output>
          </reporter-output>
        </test-method> <!-- navigable -->
      </class> <!-- launching01.woodenstreetTest -->
    </test> <!-- Default test -->
  </suite> <!-- Default suite -->
</testng-results>
