<?xml version="1.0" encoding="UTF-8"?>
<!-- Generated by org.testng.reporters.JUnitXMLReporter -->
<testsuite hostname="Tarun" ignored="0" name="Default test" tests="3" failures="0" timestamp="2023-03-03T12:41:55 IST" time="30.909" errors="0">
  <testcase name="browser" time="9.41" classname="launching.kalkifashionTest"/>
  <testcase name="navigable" time="11.207" classname="launching01.woodenstreetTest"/>
  <testcase name="nav" time="10.254" classname="launching02.skype"/>
</testsuite> <!-- Default test -->
